# JRE version: OpenJDK Runtime Environment Temurin-21.0.9+10 (21.0.9+10) (build 21.0.9+10-LTS)
# Java VM: OpenJDK 64-Bit Server VM Temurin-21.0.9+10 (21.0.9+10-LTS, mixed mode, sharing, tiered, compressed oops, compressed class ptrs, parallel gc, windows-amd64)
GC Precious Log:
 CardTable entry size: 512
 CPUs: 8 total, 8 available
 Memory: 7455M
 Large Page Support: Disabled
 NUMA Support: Disabled
 Compressed Oops: Enabled (32-bit)
 Alignments: Space 512K, Generation 512K, Heap 2M
 Heap Min Capacity: 100M
 Heap Initial Capacity: 100M
 Heap Max Capacity: 2G
 Pre-touch: Disabled
 Parallel Workers: 8
Heap:
 PSYoungGen      total 7680K, used 4238K [0x00000000d5580000, 0x00000000d6380000, 0x0000000100000000)
  eden space 4608K, 25% used [0x00000000d5580000,0x00000000d56a39c8,0x00000000d5a00000)
  from space 3072K, 100% used [0x00000000d6080000,0x00000000d6380000,0x00000000d6380000)
  to   space 4096K, 0% used [0x00000000d5b80000,0x00000000d5b80000,0x00000000d5f80000)
 ParOldGen       total 752640K, used 752548K [0x0000000080000000, 0x00000000adf00000, 0x00000000d5580000)
  object space 752640K, 99% used [0x0000000080000000,0x00000000adee9078,0x00000000adf00000)
 Metaspace       used 86437K, committed 88192K, reserved 1179648K
  class space    used 8648K, committed 9536K, reserved 1048576K
GC Heap History (20 events):
Event: 2589.201 GC heap before
{Heap before GC invocations=2143 (full 5):
 PSYoungGen      total 2560K, used 2496K [0x00000000d5580000, 0x00000000d5a00000, 0x0000000100000000)
  eden space 1536K, 100% used [0x00000000d5580000,0x00000000d5700000,0x00000000d5700000)
  from space 1024K, 93% used [0x00000000d5900000,0x00000000d59f0000,0x00000000d5a00000)
  to   space 1536K, 0% used [0x00000000d5700000,0x00000000d5700000,0x00000000d5880000)
 ParOldGen       total 735232K, used 734940K [0x0000000080000000, 0x00000000ace00000, 0x00000000d5580000)
  object space 735232K, 99% used [0x0000000080000000,0x00000000acdb73e8,0x00000000ace00000)
 Metaspace       used 86424K, committed 88192K, reserved 1179648K
  class space    used 8646K, committed 9536K, reserved 1048576K
}
Event: 2589.205 GC heap after
{Heap after GC invocations=2143 (full 5):
 PSYoungGen      total 3072K, used 1440K [0x00000000d5580000, 0x00000000d5a80000, 0x0000000100000000)
  eden space 1536K, 0% used [0x00000000d5580000,0x00000000d5580000,0x00000000d5700000)
  from space 1536K, 93% used [0x00000000d5700000,0x00000000d5868000,0x00000000d5880000)
  to   space 1536K, 0% used [0x00000000d5900000,0x00000000d5900000,0x00000000d5a80000)
 ParOldGen       total 736256K, used 735772K [0x0000000080000000, 0x00000000acf00000, 0x00000000d5580000)
  object space 736256K, 99% used [0x0000000080000000,0x00000000ace873e8,0x00000000acf00000)
 Metaspace       used 86424K, committed 88192K, reserved 1179648K
  class space    used 8646K, committed 9536K, reserved 1048576K
}
Event: 2589.209 GC heap before
{Heap before GC invocations=2144 (full 5):
 PSYoungGen      total 3072K, used 2975K [0x00000000d5580000, 0x00000000d5a80000, 0x0000000100000000)
  eden space 1536K, 99% used [0x00000000d5580000,0x00000000d56ffff0,0x00000000d5700000)
  from space 1536K, 93% used [0x00000000d5700000,0x00000000d5868000,0x00000000d5880000)
  to   space 1536K, 0% used [0x00000000d5900000,0x00000000d5900000,0x00000000d5a80000)
 ParOldGen       total 736256K, used 735772K [0x0000000080000000, 0x00000000acf00000, 0x00000000d5580000)
  object space 736256K, 99% used [0x0000000080000000,0x00000000ace873e8,0x00000000acf00000)
 Metaspace       used 86424K, committed 88192K, reserved 1179648K
  class space    used 8646K, committed 9536K, reserved 1048576K
}
Event: 2589.214 GC heap after
{Heap after GC invocations=2144 (full 5):
 PSYoungGen      total 3584K, used 1056K [0x00000000d5580000, 0x00000000d5a80000, 0x0000000100000000)
  eden space 2048K, 0% used [0x00000000d5580000,0x00000000d5580000,0x00000000d5780000)
  from space 1536K, 68% used [0x00000000d5900000,0x00000000d5a08000,0x00000000d5a80000)
  to   space 1536K, 0% used [0x00000000d5780000,0x00000000d5780000,0x00000000d5900000)
 ParOldGen       total 737280K, used 737140K [0x0000000080000000, 0x00000000ad000000, 0x00000000d5580000)
  object space 737280K, 99% used [0x0000000080000000,0x00000000acfdd3e8,0x00000000ad000000)
 Metaspace       used 86424K, committed 88192K, reserved 1179648K
  class space    used 8646K, committed 9536K, reserved 1048576K
}
Event: 2589.227 GC heap before
{Heap before GC invocations=2145 (full 5):
 PSYoungGen      total 3584K, used 3104K [0x00000000d5580000, 0x00000000d5a80000, 0x0000000100000000)
  eden space 2048K, 100% used [0x00000000d5580000,0x00000000d5780000,0x00000000d5780000)
  from space 1536K, 68% used [0x00000000d5900000,0x00000000d5a08000,0x00000000d5a80000)
  to   space 1536K, 0% used [0x00000000d5780000,0x00000000d5780000,0x00000000d5900000)
 ParOldGen       total 737280K, used 737140K [0x0000000080000000, 0x00000000ad000000, 0x00000000d5580000)
  object space 737280K, 99% used [0x0000000080000000,0x00000000acfdd3e8,0x00000000ad000000)
 Metaspace       used 86424K, committed 88192K, reserved 1179648K
  class space    used 8646K, committed 9536K, reserved 1048576K
}
Event: 2589.231 GC heap after
{Heap after GC invocations=2145 (full 5):
 PSYoungGen      total 3584K, used 1520K [0x00000000d5580000, 0x00000000d5e00000, 0x0000000100000000)
  eden space 2048K, 0% used [0x00000000d5580000,0x00000000d5580000,0x00000000d5780000)
  from space 1536K, 98% used [0x00000000d5780000,0x00000000d58fc010,0x00000000d5900000)
  to   space 3072K, 0% used [0x00000000d5b00000,0x00000000d5b00000,0x00000000d5e00000)
 ParOldGen       total 738304K, used 738042K [0x0000000080000000, 0x00000000ad100000, 0x00000000d5580000)
  object space 738304K, 99% used [0x0000000080000000,0x00000000ad0be868,0x00000000ad100000)
 Metaspace       used 86424K, committed 88192K, reserved 1179648K
  class space    used 8646K, committed 9536K, reserved 1048576K
}
Event: 2589.239 GC heap before
{Heap before GC invocations=2146 (full 5):
 PSYoungGen      total 3584K, used 3568K [0x00000000d5580000, 0x00000000d5e00000, 0x0000000100000000)
  eden space 2048K, 100% used [0x00000000d5580000,0x00000000d5780000,0x00000000d5780000)
  from space 1536K, 98% used [0x00000000d5780000,0x00000000d58fc010,0x00000000d5900000)
  to   space 3072K, 0% used [0x00000000d5b00000,0x00000000d5b00000,0x00000000d5e00000)
 ParOldGen       total 738304K, used 738042K [0x0000000080000000, 0x00000000ad100000, 0x00000000d5580000)
  object space 738304K, 99% used [0x0000000080000000,0x00000000ad0be868,0x00000000ad100000)
 Metaspace       used 86424K, committed 88192K, reserved 1179648K
  class space    used 8646K, committed 9536K, reserved 1048576K
}
Event: 2589.250 GC heap after
{Heap after GC invocations=2146 (full 5):
 PSYoungGen      total 5120K, used 2080K [0x00000000d5580000, 0x00000000d5d80000, 0x0000000100000000)
  eden space 2560K, 0% used [0x00000000d5580000,0x00000000d5580000,0x00000000d5800000)
  from space 2560K, 81% used [0x00000000d5b00000,0x00000000d5d08000,0x00000000d5d80000)
  to   space 2560K, 0% used [0x00000000d5880000,0x00000000d5880000,0x00000000d5b00000)
 ParOldGen       total 739840K, used 739546K [0x0000000080000000, 0x00000000ad280000, 0x00000000d5580000)
  object space 739840K, 99% used [0x0000000080000000,0x00000000ad236878,0x00000000ad280000)
 Metaspace       used 86424K, committed 88192K, reserved 1179648K
  class space    used 8646K, committed 9536K, reserved 1048576K
}
Event: 2589.272 GC heap before
{Heap before GC invocations=2147 (full 5):
 PSYoungGen      total 5120K, used 4535K [0x00000000d5580000, 0x00000000d5d80000, 0x0000000100000000)
  eden space 2560K, 95% used [0x00000000d5580000,0x00000000d57e5cc8,0x00000000d5800000)
  from space 2560K, 81% used [0x00000000d5b00000,0x00000000d5d08000,0x00000000d5d80000)
  to   space 2560K, 0% used [0x00000000d5880000,0x00000000d5880000,0x00000000d5b00000)
 ParOldGen       total 739840K, used 739546K [0x0000000080000000, 0x00000000ad280000, 0x00000000d5580000)
  object space 739840K, 99% used [0x0000000080000000,0x00000000ad236878,0x00000000ad280000)
 Metaspace       used 86426K, committed 88192K, reserved 1179648K
  class space    used 8646K, committed 9536K, reserved 1048576K
}
Event: 2589.282 GC heap after
{Heap after GC invocations=2147 (full 5):
 PSYoungGen      total 5632K, used 2283K [0x00000000d5580000, 0x00000000d5d80000, 0x0000000100000000)
  eden space 3072K, 0% used [0x00000000d5580000,0x00000000d5580000,0x00000000d5880000)
  from space 2560K, 89% used [0x00000000d5880000,0x00000000d5abae00,0x00000000d5b00000)
  to   space 2560K, 0% used [0x00000000d5b00000,0x00000000d5b00000,0x00000000d5d80000)
 ParOldGen       total 741888K, used 741530K [0x0000000080000000, 0x00000000ad480000, 0x00000000d5580000)
  object space 741888K, 99% used [0x0000000080000000,0x00000000ad426878,0x00000000ad480000)
 Metaspace       used 86426K, committed 88192K, reserved 1179648K
  class space    used 8646K, committed 9536K, reserved 1048576K
}
Event: 2589.318 GC heap before
{Heap before GC invocations=2148 (full 5):
 PSYoungGen      total 5632K, used 5014K [0x00000000d5580000, 0x00000000d5d80000, 0x0000000100000000)
  eden space 3072K, 88% used [0x00000000d5580000,0x00000000d582aba8,0x00000000d5880000)
  from space 2560K, 89% used [0x00000000d5880000,0x00000000d5abae00,0x00000000d5b00000)
  to   space 2560K, 0% used [0x00000000d5b00000,0x00000000d5b00000,0x00000000d5d80000)
 ParOldGen       total 741888K, used 741530K [0x0000000080000000, 0x00000000ad480000, 0x00000000d5580000)
  object space 741888K, 99% used [0x0000000080000000,0x00000000ad426878,0x00000000ad480000)
 Metaspace       used 86434K, committed 88192K, reserved 1179648K
  class space    used 8648K, committed 9536K, reserved 1048576K
}
Event: 2589.323 GC heap after
{Heap after GC invocations=2148 (full 5):
 PSYoungGen      total 5632K, used 2364K [0x00000000d5580000, 0x00000000d5e80000, 0x0000000100000000)
  eden space 3072K, 0% used [0x00000000d5580000,0x00000000d5580000,0x00000000d5880000)
  from space 2560K, 92% used [0x00000000d5b00000,0x00000000d5d4f000,0x00000000d5d80000)
  to   space 2560K, 0% used [0x00000000d5880000,0x00000000d5880000,0x00000000d5b00000)
 ParOldGen       total 743936K, used 743578K [0x0000000080000000, 0x00000000ad680000, 0x00000000d5580000)
  object space 743936K, 99% used [0x0000000080000000,0x00000000ad626878,0x00000000ad680000)
 Metaspace       used 86434K, committed 88192K, reserved 1179648K
  class space    used 8648K, committed 9536K, reserved 1048576K
}
Event: 2589.351 GC heap before
{Heap before GC invocations=2149 (full 5):
 PSYoungGen      total 5632K, used 5435K [0x00000000d5580000, 0x00000000d5e80000, 0x0000000100000000)
  eden space 3072K, 99% used [0x00000000d5580000,0x00000000d587ff30,0x00000000d5880000)
  from space 2560K, 92% used [0x00000000d5b00000,0x00000000d5d4f000,0x00000000d5d80000)
  to   space 2560K, 0% used [0x00000000d5880000,0x00000000d5880000,0x00000000d5b00000)
 ParOldGen       total 743936K, used 743578K [0x0000000080000000, 0x00000000ad680000, 0x00000000d5580000)
  object space 743936K, 99% used [0x0000000080000000,0x00000000ad626878,0x00000000ad680000)
 Metaspace       used 86437K, committed 88192K, reserved 1179648K
  class space    used 8648K, committed 9536K, reserved 1048576K
}
Event: 2589.357 GC heap after
{Heap after GC invocations=2149 (full 5):
 PSYoungGen      total 5632K, used 1694K [0x00000000d5580000, 0x00000000d5d80000, 0x0000000100000000)
  eden space 3072K, 0% used [0x00000000d5580000,0x00000000d5580000,0x00000000d5880000)
  from space 2560K, 66% used [0x00000000d5880000,0x00000000d5a27810,0x00000000d5b00000)
  to   space 2048K, 0% used [0x00000000d5b80000,0x00000000d5b80000,0x00000000d5d80000)
 ParOldGen       total 745984K, used 745902K [0x0000000080000000, 0x00000000ad880000, 0x00000000d5580000)
  object space 745984K, 99% used [0x0000000080000000,0x00000000ad86b878,0x00000000ad880000)
 Metaspace       used 86437K, committed 88192K, reserved 1179648K
  class space    used 8648K, committed 9536K, reserved 1048576K
}
Event: 2589.407 GC heap before
{Heap before GC invocations=2150 (full 5):
 PSYoungGen      total 5632K, used 4766K [0x00000000d5580000, 0x00000000d5d80000, 0x0000000100000000)
  eden space 3072K, 100% used [0x00000000d5580000,0x00000000d5880000,0x00000000d5880000)
  from space 2560K, 66% used [0x00000000d5880000,0x00000000d5a27810,0x00000000d5b00000)
  to   space 2048K, 0% used [0x00000000d5b80000,0x00000000d5b80000,0x00000000d5d80000)
 ParOldGen       total 745984K, used 745902K [0x0000000080000000, 0x00000000ad880000, 0x00000000d5580000)
  object space 745984K, 99% used [0x0000000080000000,0x00000000ad86b878,0x00000000ad880000)
 Metaspace       used 86437K, committed 88192K, reserved 1179648K
  class space    used 8648K, committed 9536K, reserved 1048576K
}
Event: 2589.412 GC heap after
{Heap after GC invocations=2150 (full 5):
 PSYoungGen      total 5632K, used 1359K [0x00000000d5580000, 0x00000000d5d00000, 0x0000000100000000)
  eden space 4096K, 0% used [0x00000000d5580000,0x00000000d5580000,0x00000000d5980000)
  from space 1536K, 88% used [0x00000000d5b80000,0x00000000d5cd3ff0,0x00000000d5d00000)
  to   space 1536K, 0% used [0x00000000d5a00000,0x00000000d5a00000,0x00000000d5b80000)
 ParOldGen       total 747520K, used 747180K [0x0000000080000000, 0x00000000ada00000, 0x00000000d5580000)
  object space 747520K, 99% used [0x0000000080000000,0x00000000ad9ab078,0x00000000ada00000)
 Metaspace       used 86437K, committed 88192K, reserved 1179648K
  class space    used 8648K, committed 9536K, reserved 1048576K
}
Event: 2589.427 GC heap before
{Heap before GC invocations=2151 (full 5):
 PSYoungGen      total 5632K, used 5455K [0x00000000d5580000, 0x00000000d5d00000, 0x0000000100000000)
  eden space 4096K, 100% used [0x00000000d5580000,0x00000000d5980000,0x00000000d5980000)
  from space 1536K, 88% used [0x00000000d5b80000,0x00000000d5cd3ff0,0x00000000d5d00000)
  to   space 1536K, 0% used [0x00000000d5a00000,0x00000000d5a00000,0x00000000d5b80000)
 ParOldGen       total 747520K, used 747180K [0x0000000080000000, 0x00000000ada00000, 0x00000000d5580000)
  object space 747520K, 99% used [0x0000000080000000,0x00000000ad9ab078,0x00000000ada00000)
 Metaspace       used 86437K, committed 88192K, reserved 1179648K
  class space    used 8648K, committed 9536K, reserved 1048576K
}
Event: 2589.433 GC heap after
{Heap after GC invocations=2151 (full 5):
 PSYoungGen      total 6144K, used 1536K [0x00000000d5580000, 0x00000000d6680000, 0x0000000100000000)
  eden space 4608K, 0% used [0x00000000d5580000,0x00000000d5580000,0x00000000d5a00000)
  from space 1536K, 100% used [0x00000000d5a00000,0x00000000d5b80000,0x00000000d5b80000)
  to   space 6144K, 0% used [0x00000000d6080000,0x00000000d6080000,0x00000000d6680000)
 ParOldGen       total 751104K, used 750956K [0x0000000080000000, 0x00000000add80000, 0x00000000d5580000)
  object space 751104K, 99% used [0x0000000080000000,0x00000000add5b078,0x00000000add80000)
 Metaspace       used 86437K, committed 88192K, reserved 1179648K
  class space    used 8648K, committed 9536K, reserved 1048576K
}
Event: 2600.675 GC heap before
{Heap before GC invocations=2152 (full 5):
 PSYoungGen      total 6144K, used 6144K [0x00000000d5580000, 0x00000000d6680000, 0x0000000100000000)
  eden space 4608K, 100% used [0x00000000d5580000,0x00000000d5a00000,0x00000000d5a00000)
  from space 1536K, 100% used [0x00000000d5a00000,0x00000000d5b80000,0x00000000d5b80000)
  to   space 6144K, 0% used [0x00000000d6080000,0x00000000d6080000,0x00000000d6680000)
 ParOldGen       total 751104K, used 750956K [0x0000000080000000, 0x00000000add80000, 0x00000000d5580000)
  object space 751104K, 99% used [0x0000000080000000,0x00000000add5b078,0x00000000add80000)
 Metaspace       used 86437K, committed 88192K, reserved 1179648K
  class space    used 8648K, committed 9536K, reserved 1048576K
}
Event: 2600.688 GC heap after
{Heap after GC invocations=2152 (full 5):
 PSYoungGen      total 7680K, used 3072K [0x00000000d5580000, 0x00000000d6380000, 0x0000000100000000)
  eden space 4608K, 0% used [0x00000000d5580000,0x00000000d5580000,0x00000000d5a00000)
  from space 3072K, 100% used [0x00000000d6080000,0x00000000d6380000,0x00000000d6380000)
  to   space 4096K, 0% used [0x00000000d5b80000,0x00000000d5b80000,0x00000000d5f80000)
 ParOldGen       total 752640K, used 752548K [0x0000000080000000, 0x00000000adf00000, 0x00000000d5580000)
  object space 752640K, 99% used [0x0000000080000000,0x00000000adee9078,0x00000000adf00000)
 Metaspace       used 86437K, committed 88192K, reserved 1179648K
  class space    used 8648K, committed 9536K, reserved 1048576K
}

